2021-03-18 12:23:09,351 INFO com.capgemini.census.Censusprofileapplication.CensusProfileApplication [restartedMain] Starting CensusProfileApplication using Java 1.8.0_282 on LIN22005921 with PID 9556 (C:\Users\KKAILASS\Documents\Census-profile-application\target\classes started by kkailass in C:\Users\KKAILASS\Documents\Census-profile-application)
2021-03-18 12:23:09,392 DEBUG com.capgemini.census.Censusprofileapplication.CensusProfileApplication [restartedMain] Running with Spring Boot v2.4.1, Spring v5.3.2
2021-03-18 12:23:09,394 INFO com.capgemini.census.Censusprofileapplication.CensusProfileApplication [restartedMain] No active profile set, falling back to default profiles: default
2021-03-18 12:23:09,590 INFO org.springframework.boot.devtools.env.DevToolsPropertyDefaultsPostProcessor [restartedMain] Devtools property defaults active! Set 'spring.devtools.add-properties' to 'false' to disable
2021-03-18 12:23:09,591 INFO org.springframework.boot.devtools.env.DevToolsPropertyDefaultsPostProcessor [restartedMain] For additional web related logging consider setting the 'logging.level.web' property to 'DEBUG'
2021-03-18 12:23:12,784 INFO org.springframework.data.repository.config.RepositoryConfigurationDelegate [restartedMain] Bootstrapping Spring Data JPA repositories in DEFAULT mode.
2021-03-18 12:23:12,973 INFO org.springframework.data.repository.config.RepositoryConfigurationDelegate [restartedMain] Finished Spring Data repository scanning in 167 ms. Found 4 JPA repository interfaces.
2021-03-18 12:23:19,258 INFO org.springframework.boot.web.embedded.tomcat.TomcatWebServer [restartedMain] Tomcat initialized with port(s): 8081 (http)
2021-03-18 12:23:19,302 INFO org.apache.coyote.http11.Http11NioProtocol [restartedMain] Initializing ProtocolHandler ["http-nio-8081"]
2021-03-18 12:23:19,304 INFO org.apache.catalina.core.StandardService [restartedMain] Starting service [Tomcat]
2021-03-18 12:23:19,306 INFO org.apache.catalina.core.StandardEngine [restartedMain] Starting Servlet engine: [Apache Tomcat/9.0.41]
2021-03-18 12:23:20,046 INFO org.apache.catalina.core.ContainerBase.[Tomcat].[localhost].[/] [restartedMain] Initializing Spring embedded WebApplicationContext
2021-03-18 12:23:20,047 INFO org.springframework.boot.web.servlet.context.ServletWebServerApplicationContext [restartedMain] Root WebApplicationContext: initialization completed in 10455 ms
2021-03-18 12:23:21,290 INFO org.hibernate.jpa.internal.util.LogHelper [restartedMain] HHH000204: Processing PersistenceUnitInfo [name: default]
2021-03-18 12:23:21,487 INFO org.hibernate.Version [restartedMain] HHH000412: Hibernate ORM core version 5.4.25.Final
2021-03-18 12:23:22,044 INFO org.hibernate.annotations.common.Version [restartedMain] HCANN000001: Hibernate Commons Annotations {5.1.2.Final}
2021-03-18 12:23:22,558 INFO com.zaxxer.hikari.HikariDataSource [restartedMain] HikariPool-1 - Starting...
2021-03-18 12:23:23,709 INFO com.zaxxer.hikari.HikariDataSource [restartedMain] HikariPool-1 - Start completed.
2021-03-18 12:23:23,832 INFO org.hibernate.dialect.Dialect [restartedMain] HHH000400: Using dialect: org.hibernate.dialect.PostgreSQL10Dialect
2021-03-18 12:23:27,729 INFO org.hibernate.engine.transaction.jta.platform.internal.JtaPlatformInitiator [restartedMain] HHH000490: Using JtaPlatform implementation: [org.hibernate.engine.transaction.jta.platform.internal.NoJtaPlatform]
2021-03-18 12:23:27,757 INFO org.springframework.orm.jpa.LocalContainerEntityManagerFactoryBean [restartedMain] Initialized JPA EntityManagerFactory for persistence unit 'default'
2021-03-18 12:23:27,803 INFO org.springframework.boot.devtools.autoconfigure.OptionalLiveReloadServer [restartedMain] LiveReload server is running on port 35729
2021-03-18 12:23:32,540 WARN org.springframework.boot.autoconfigure.orm.jpa.JpaBaseConfiguration$JpaWebConfiguration [restartedMain] spring.jpa.open-in-view is enabled by default. Therefore, database queries may be performed during view rendering. Explicitly configure spring.jpa.open-in-view to disable this warning
2021-03-18 12:23:33,277 INFO org.springframework.boot.actuate.endpoint.web.EndpointLinksResolver [restartedMain] Exposing 2 endpoint(s) beneath base path '/actuator'
2021-03-18 12:23:34,801 INFO org.apache.coyote.http11.Http11NioProtocol [restartedMain] Starting ProtocolHandler ["http-nio-8081"]
2021-03-18 12:23:34,938 INFO org.springframework.boot.web.embedded.tomcat.TomcatWebServer [restartedMain] Tomcat started on port(s): 8081 (http) with context path ''
2021-03-18 12:23:36,419 INFO com.capgemini.census.Censusprofileapplication.CensusProfileApplication [restartedMain] Started CensusProfileApplication in 28.444 seconds (JVM running for 32.349)
2021-03-18 12:25:30,017 INFO org.apache.catalina.core.ContainerBase.[Tomcat].[localhost].[/] [http-nio-8081-exec-1] Initializing Spring DispatcherServlet 'dispatcherServlet'
2021-03-18 12:25:30,017 INFO org.springframework.web.servlet.DispatcherServlet [http-nio-8081-exec-1] Initializing Servlet 'dispatcherServlet'
2021-03-18 12:25:30,021 INFO org.springframework.web.servlet.DispatcherServlet [http-nio-8081-exec-1] Completed initialization in 3 ms
2021-03-18 12:25:30,362 DEBUG com.capgemini.census.aspect.LoggerAspect [http-nio-8081-exec-2] Entering method : com.capgemini.census.controller.UserController.addUser() with argument[s] = [User(userId=null, userName=xyz, password=123123, role=USER)]
2021-03-18 12:25:30,606 DEBUG com.capgemini.census.aspect.LoggerAspect [http-nio-8081-exec-2] Exiting method: com.capgemini.census.controller.UserController.addUser() with result = <201 CREATED Created,User(userId=5, userName=xyz, password=123123, role=USER),[]>
2021-03-18 14:00:40,369 WARN com.zaxxer.hikari.pool.HikariPool [HikariPool-1 housekeeper] HikariPool-1 - Thread starvation or clock leap detected (housekeeper delta=59m16s466ms464µs).
